[2020-09-10 21:44:44.611] [exthost] [info] extension host started
[2020-09-10 21:44:44.670] [exthost] [info] ExtensionService#_doActivateExtension vscode.microsoft-authentication {"startup":false,"extensionId":{"value":"vscode.microsoft-authentication","_lower":"vscode.microsoft-authentication"},"activationEvent":"onAuthenticationRequest:microsoft"}
[2020-09-10 21:44:44.671] [exthost] [info] ExtensionService#loadCommonJSModule file:///snap/code/42/usr/share/code/resources/app/extensions/microsoft-authentication/dist/extension.js
[2020-09-10 21:44:44.914] [exthost] [info] ExtensionService#_doActivateExtension vscode.github-authentication {"startup":false,"extensionId":{"value":"vscode.github-authentication","_lower":"vscode.github-authentication"},"activationEvent":"onAuthenticationRequest:github"}
[2020-09-10 21:44:44.920] [exthost] [info] ExtensionService#loadCommonJSModule file:///snap/code/42/usr/share/code/resources/app/extensions/github-authentication/dist/extension.js
[2020-09-10 21:44:45.025] [exthost] [info] ExtensionService#_doActivateExtension vscode.debug-auto-launch {"startup":true,"extensionId":{"value":"vscode.debug-auto-launch","_lower":"vscode.debug-auto-launch"},"activationEvent":"*"}
[2020-09-10 21:44:45.026] [exthost] [info] ExtensionService#loadCommonJSModule file:///snap/code/42/usr/share/code/resources/app/extensions/debug-auto-launch/dist/extension
[2020-09-10 21:44:45.072] [exthost] [info] ExtensionService#_doActivateExtension vscode.emmet {"startup":true,"extensionId":{"value":"vscode.emmet","_lower":"vscode.emmet"},"activationEvent":"*"}
[2020-09-10 21:44:45.072] [exthost] [info] ExtensionService#loadCommonJSModule file:///snap/code/42/usr/share/code/resources/app/extensions/emmet/dist/node/emmetNodeMain
[2020-09-10 21:44:45.404] [exthost] [info] ExtensionService#_doActivateExtension vscode.git {"startup":true,"extensionId":{"value":"vscode.github","_lower":"vscode.github"},"activationEvent":"*"}
[2020-09-10 21:44:45.404] [exthost] [info] ExtensionService#loadCommonJSModule file:///snap/code/42/usr/share/code/resources/app/extensions/git/dist/main
[2020-09-10 21:44:45.710] [exthost] [info] ExtensionService#_doActivateExtension vscode.merge-conflict {"startup":true,"extensionId":{"value":"vscode.merge-conflict","_lower":"vscode.merge-conflict"},"activationEvent":"*"}
[2020-09-10 21:44:45.710] [exthost] [info] ExtensionService#loadCommonJSModule file:///snap/code/42/usr/share/code/resources/app/extensions/merge-conflict/dist/mergeConflictMain
[2020-09-10 21:44:45.743] [exthost] [info] ExtensionService#_doActivateExtension vscode.search-result {"startup":true,"extensionId":{"value":"vscode.search-result","_lower":"vscode.search-result"},"activationEvent":"*"}
[2020-09-10 21:44:45.743] [exthost] [info] ExtensionService#loadCommonJSModule file:///snap/code/42/usr/share/code/resources/app/extensions/search-result/dist/extension.js
[2020-09-10 21:44:46.565] [exthost] [info] ExtensionService#_doActivateExtension vscode.github {"startup":true,"extensionId":{"value":"vscode.github","_lower":"vscode.github"},"activationEvent":"*"}
[2020-09-10 21:44:46.565] [exthost] [info] ExtensionService#loadCommonJSModule file:///snap/code/42/usr/share/code/resources/app/extensions/github/dist/extension.js
[2020-09-10 21:44:46.628] [exthost] [info] eager extensions activated
[2020-09-10 22:02:00.343] [exthost] [info] ExtensionService#_doActivateExtension vscode.html-language-features {"startup":false,"extensionId":{"value":"vscode.html-language-features","_lower":"vscode.html-language-features"},"activationEvent":"onLanguage:html"}
[2020-09-10 22:02:00.361] [exthost] [info] ExtensionService#loadCommonJSModule file:///snap/code/42/usr/share/code/resources/app/extensions/html-language-features/client/dist/node/htmlClientMain
